<?xml version="1.0" encoding="UTF-8"?>
<testsuite xmlns:xsi="http://www.w3.org/2001/XMLSchema-instance" xsi:noNamespaceSchemaLocation="https://maven.apache.org/surefire/maven-surefire-plugin/xsd/surefire-test-report.xsd" version="3.0.2" name="com.trabalho.trabalhotesteptdois.EmprestimoTest" time="0.009" tests="4" errors="0" skipped="0" failures="0">
  <properties>
    <property name="java.specification.version" value="21"/>
    <property name="sun.cpu.isalist" value="amd64"/>
    <property name="sun.jnu.encoding" value="Cp1252"/>
    <property name="java.class.path" value="C:\Users\melis\Documents\NetBeansProjects\trabalhotesteptdois\target\test-classes;C:\Users\melis\Documents\NetBeansProjects\trabalhotesteptdois\target\classes;C:\Users\melis\.m2\repository\org\junit\jupiter\junit-jupiter\5.11.3\junit-jupiter-5.11.3.jar;C:\Users\melis\.m2\repository\org\junit\jupiter\junit-jupiter-api\5.11.3\junit-jupiter-api-5.11.3.jar;C:\Users\melis\.m2\repository\org\opentest4j\opentest4j\1.3.0\opentest4j-1.3.0.jar;C:\Users\melis\.m2\repository\org\junit\platform\junit-platform-commons\1.11.3\junit-platform-commons-1.11.3.jar;C:\Users\melis\.m2\repository\org\apiguardian\apiguardian-api\1.1.2\apiguardian-api-1.1.2.jar;C:\Users\melis\.m2\repository\org\junit\jupiter\junit-jupiter-params\5.11.3\junit-jupiter-params-5.11.3.jar;C:\Users\melis\.m2\repository\org\junit\jupiter\junit-jupiter-engine\5.11.3\junit-jupiter-engine-5.11.3.jar;C:\Users\melis\.m2\repository\org\junit\platform\junit-platform-engine\1.11.3\junit-platform-engine-1.11.3.jar;"/>
    <property name="java.vm.vendor" value="Oracle Corporation"/>
    <property name="sun.arch.data.model" value="64"/>
    <property name="user.variant" value=""/>
    <property name="java.vendor.url" value="https://java.oracle.com/"/>
    <property name="user.timezone" value="America/Sao_Paulo"/>
    <property name="os.name" value="Windows 11"/>
    <property name="java.vm.specification.version" value="21"/>
    <property name="user.country" value="BR"/>
    <property name="sun.java.launcher" value="SUN_STANDARD"/>
    <property name="sun.boot.library.path" value="C:\Program Files\Java\jdk-21\bin"/>
    <property name="sun.java.command" value="C:\Users\melis\AppData\Local\Temp\surefire2444804558928062352\surefirebooter-20241111223220940_3.jar C:\Users\melis\AppData\Local\Temp\surefire2444804558928062352 2024-11-11T22-32-20_846-jvmRun1 surefire-20241111223220940_1tmp surefire_0-20241111223220940_2tmp"/>
    <property name="jdk.debug" value="release"/>
    <property name="test" value="com.trabalho.trabalhotesteptdois.**.*Test"/>
    <property name="surefire.test.class.path" value="C:\Users\melis\Documents\NetBeansProjects\trabalhotesteptdois\target\test-classes;C:\Users\melis\Documents\NetBeansProjects\trabalhotesteptdois\target\classes;C:\Users\melis\.m2\repository\org\junit\jupiter\junit-jupiter\5.11.3\junit-jupiter-5.11.3.jar;C:\Users\melis\.m2\repository\org\junit\jupiter\junit-jupiter-api\5.11.3\junit-jupiter-api-5.11.3.jar;C:\Users\melis\.m2\repository\org\opentest4j\opentest4j\1.3.0\opentest4j-1.3.0.jar;C:\Users\melis\.m2\repository\org\junit\platform\junit-platform-commons\1.11.3\junit-platform-commons-1.11.3.jar;C:\Users\melis\.m2\repository\org\apiguardian\apiguardian-api\1.1.2\apiguardian-api-1.1.2.jar;C:\Users\melis\.m2\repository\org\junit\jupiter\junit-jupiter-params\5.11.3\junit-jupiter-params-5.11.3.jar;C:\Users\melis\.m2\repository\org\junit\jupiter\junit-jupiter-engine\5.11.3\junit-jupiter-engine-5.11.3.jar;C:\Users\melis\.m2\repository\org\junit\platform\junit-platform-engine\1.11.3\junit-platform-engine-1.11.3.jar;"/>
    <property name="sun.cpu.endian" value="little"/>
    <property name="user.home" value="C:\Users\melis"/>
    <property name="user.language" value="pt"/>
    <property name="java.specification.vendor" value="Oracle Corporation"/>
    <property name="java.version.date" value="2023-10-17"/>
    <property name="java.home" value="C:\Program Files\Java\jdk-21"/>
    <property name="file.separator" value="\"/>
    <property name="basedir" value="C:\Users\melis\Documents\NetBeansProjects\trabalhotesteptdois"/>
    <property name="java.vm.compressedOopsMode" value="Zero based"/>
    <property name="line.separator" value="&#10;"/>
    <property name="java.vm.specification.vendor" value="Oracle Corporation"/>
    <property name="java.specification.name" value="Java Platform API Specification"/>
    <property name="surefire.real.class.path" value="C:\Users\melis\AppData\Local\Temp\surefire2444804558928062352\surefirebooter-20241111223220940_3.jar"/>
    <property name="user.script" value=""/>
    <property name="sun.management.compiler" value="HotSpot 64-Bit Tiered Compilers"/>
    <property name="java.runtime.version" value="21.0.1+12-LTS-29"/>
    <property name="user.name" value="melis"/>
    <property name="stdout.encoding" value="Cp1252"/>
    <property name="path.separator" value=";"/>
    <property name="os.version" value="10.0"/>
    <property name="java.runtime.name" value="Java(TM) SE Runtime Environment"/>
    <property name="file.encoding" value="UTF-8"/>
    <property name="java.vm.name" value="Java HotSpot(TM) 64-Bit Server VM"/>
    <property name="maven.ext.class.path" value="C:\Program Files\NetBeans-23\netbeans\java\maven-nblib\netbeans-eventspy.jar"/>
    <property name="localRepository" value="C:\Users\melis\.m2\repository"/>
    <property name="java.vendor.url.bug" value="https://bugreport.java.com/bugreport/"/>
    <property name="java.io.tmpdir" value="C:\Users\melis\AppData\Local\Temp\"/>
    <property name="java.version" value="21.0.1"/>
    <property name="user.dir" value="C:\Users\melis\Documents\NetBeansProjects\trabalhotesteptdois"/>
    <property name="os.arch" value="amd64"/>
    <property name="java.vm.specification.name" value="Java Virtual Machine Specification"/>
    <property name="sun.os.patch.level" value=""/>
    <property name="native.encoding" value="Cp1252"/>
    <property name="java.library.path" value="C:\Program Files\Java\jdk-21\bin;C:\Windows\Sun\Java\bin;C:\Windows\system32;C:\Windows;C:\Program Files\Common Files\Oracle\Java\javapath;C:\Program Files (x86)\Common Files\Oracle\Java\java8path;C:\Program Files (x86)\Common Files\Oracle\Java\javapath;C:\MinGW\bin;C:\Windows\system32;C:\Windows;C:\Windows\System32\Wbem;C:\Windows\System32\WindowsPowerShell\v1.0\;C:\Windows\System32\OpenSSH\;C:\Program Files\NVIDIA Corporation\NVIDIA NvDLISR;C:\Program Files\Git\cmd;C:\Program Files\dotnet\;C:\Program Files\nodejs\;C:\Users\melis\Documents\UENP\ATIVIDADES UENP\3º ano CC\Compiladores\javalib\antlr-4.13.1-complete.jar;C:\Users\melis\Documents\UENP\ATIVIDADES UENP\3º ano CC\Compiladores\javalib;C:\Program Files (x86)\NVIDIA Corporation\PhysX\Common;C:\Program Files\Tesseract-OCR\;C:\Users\melis\AppData\Local\Programs\Python\Python312\Scripts\;C:\Users\melis\AppData\Local\Programs\Python\Python312\;C:\Users\melis\AppData\Local\Microsoft\WindowsApps;C:\Users\melis\AppData\Local\GitHubDesktop\bin;C:\Users\melis\AppData\Local\Programs\Microsoft VS Code\bin;C:\Users\melis\.dotnet\tools;C:\Users\melis\AppData\Roaming\npm;."/>
    <property name="java.vm.info" value="mixed mode, sharing"/>
    <property name="stderr.encoding" value="Cp1252"/>
    <property name="java.vendor" value="Oracle Corporation"/>
    <property name="java.vm.version" value="21.0.1+12-LTS-29"/>
    <property name="sun.io.unicode.encoding" value="UnicodeLittle"/>
    <property name="java.class.version" value="65.0"/>
  </properties>
  <testcase name="testEmprestimoLivroEmDebito" classname="com.trabalho.trabalhotesteptdois.EmprestimoTest" time="0.001"/>
  <testcase name="testEmprestarLivrosDisponiveis" classname="com.trabalho.trabalhotesteptdois.EmprestimoTest" time="0.002">
    <system-out><![CDATA[
Numero de Livros Emprestados: 2
Data de Empr�stimo: Mon Nov 11 22:32:21 BRT 2024
Data de Devolu��o: Thu Nov 14 22:32:21 BRT 2024]]></system-out>
  </testcase>
  <testcase name="testEmprestimoAlunoIndevido" classname="com.trabalho.trabalhotesteptdois.EmprestimoTest" time="0.002">
    <system-out><![CDATA[Aluno em Debito
]]></system-out>
  </testcase>
  <testcase name="testEmprestimoAlunoComCodigoValido" classname="com.trabalho.trabalhotesteptdois.EmprestimoTest" time="0.002">
    <system-out><![CDATA[
Numero de Livros Emprestados: 2
Data de Empr�stimo: Mon Nov 11 22:32:21 BRT 2024
Data de Devolu��o: Thu Nov 14 22:32:21 BRT 2024]]></system-out>
  </testcase>
</testsuite>